Network size: 25

[INa63E4fM0euCbkeDSR6mA==]
Cyclon : 20
 - eukyo4sVE3QmH02h/RtJmQ==
 - 0L2SuW/a4Psvi818cAThAQ==
 - 3IFtNgSC/1z1OTWEjdWFoA==
 - fzh0W3PSqk5Y2xTEIaFvjw==
 - nhuQPyDgFoMlMk4/1zcSKA==
 - hLYhlmskxy2FZthweVZbYA==
 - B+SCFTmZ9NvH1uK10ytJEw==
 - ItBya+VdIthvhnCk4ADyNQ==
 - hYtmqoeLfN51tt+BADJulA==
 - gS8m7U2yvxQcIS0J550HFQ==
 - CQqIsGvld58wgF1xeAWxPg==
 - Qrr6Kp9EpF1f5/+uCWwMNA==
 - dd20aaPwm85AYq2RQAIFmw==
 - CW+xYtlyOtVIaOXkCa+41Q==
 - j0OHHfVfuTTI1KZS4PjXDg==
 - pit3oU0vcg8tl19tC468Tg==
 - bKCb5LdFq/T4opBRfd7lHw==
 - cbTywOAYmIXCCblJsnojuQ==
 - kuuzjoA7e1LahbkQBb+P9Q==
 - uxl19Ymy2xAEFs6sjAv2ZQ==
Vicinity : 20
 - eukyo4sVE3QmH02h/RtJmQ==
 - 0L2SuW/a4Psvi818cAThAQ==
 - 3IFtNgSC/1z1OTWEjdWFoA==
 - fzh0W3PSqk5Y2xTEIaFvjw==
 - nhuQPyDgFoMlMk4/1zcSKA==
 - hLYhlmskxy2FZthweVZbYA==
 - B+SCFTmZ9NvH1uK10ytJEw==
 - ItBya+VdIthvhnCk4ADyNQ==
 - hYtmqoeLfN51tt+BADJulA==
 - gS8m7U2yvxQcIS0J550HFQ==
 - CQqIsGvld58wgF1xeAWxPg==
 - Qrr6Kp9EpF1f5/+uCWwMNA==
 - dd20aaPwm85AYq2RQAIFmw==
 - CW+xYtlyOtVIaOXkCa+41Q==
 - j0OHHfVfuTTI1KZS4PjXDg==
 - pit3oU0vcg8tl19tC468Tg==
 - bKCb5LdFq/T4opBRfd7lHw==
 - cbTywOAYmIXCCblJsnojuQ==
 - kuuzjoA7e1LahbkQBb+P9Q==
 - uxl19Ymy2xAEFs6sjAv2ZQ==
Rings : 0

[pit3oU0vcg8tl19tC468Tg==]
Cyclon : 20
 - uxl19Ymy2xAEFs6sjAv2ZQ==
 - INa63E4fM0euCbkeDSR6mA==
 - CW+xYtlyOtVIaOXkCa+41Q==
 - 3IFtNgSC/1z1OTWEjdWFoA==
 - fzh0W3PSqk5Y2xTEIaFvjw==
 - yvLQSJvl0Fszd6NUUM5heg==
 - A4Uz/1oQrwo71L+/5hZ5fw==
 - gS8m7U2yvxQcIS0J550HFQ==
 - hLYhlmskxy2FZthweVZbYA==
 - dd20aaPwm85AYq2RQAIFmw==
 - bKCb5LdFq/T4opBRfd7lHw==
 - cbTywOAYmIXCCblJsnojuQ==
 - CQqIsGvld58wgF1xeAWxPg==
 - 0L2SuW/a4Psvi818cAThAQ==
 - hYtmqoeLfN51tt+BADJulA==
 - kuuzjoA7e1LahbkQBb+P9Q==
 - 45soH7aOMLkbsbD7tTdrww==
 - j0OHHfVfuTTI1KZS4PjXDg==
 - B+SCFTmZ9NvH1uK10ytJEw==
 - K7zR6WcN28Aa2jLlrV9ArQ==
Vicinity : 20
 - uxl19Ymy2xAEFs6sjAv2ZQ==
 - INa63E4fM0euCbkeDSR6mA==
 - CW+xYtlyOtVIaOXkCa+41Q==
 - 3IFtNgSC/1z1OTWEjdWFoA==
 - fzh0W3PSqk5Y2xTEIaFvjw==
 - yvLQSJvl0Fszd6NUUM5heg==
 - A4Uz/1oQrwo71L+/5hZ5fw==
 - gS8m7U2yvxQcIS0J550HFQ==
 - hLYhlmskxy2FZthweVZbYA==
 - dd20aaPwm85AYq2RQAIFmw==
 - bKCb5LdFq/T4opBRfd7lHw==
 - cbTywOAYmIXCCblJsnojuQ==
 - CQqIsGvld58wgF1xeAWxPg==
 - 0L2SuW/a4Psvi818cAThAQ==
 - hYtmqoeLfN51tt+BADJulA==
 - kuuzjoA7e1LahbkQBb+P9Q==
 - 45soH7aOMLkbsbD7tTdrww==
 - j0OHHfVfuTTI1KZS4PjXDg==
 - B+SCFTmZ9NvH1uK10ytJEw==
 - K7zR6WcN28Aa2jLlrV9ArQ==
Rings : 0

[CQqIsGvld58wgF1xeAWxPg==]
Cyclon : 20
 - hLYhlmskxy2FZthweVZbYA==
 - j0OHHfVfuTTI1KZS4PjXDg==
 - CW+xYtlyOtVIaOXkCa+41Q==
 - gS8m7U2yvxQcIS0J550HFQ==
 - Qrr6Kp9EpF1f5/+uCWwMNA==
 - ItBya+VdIthvhnCk4ADyNQ==
 - pit3oU0vcg8tl19tC468Tg==
 - nhuQPyDgFoMlMk4/1zcSKA==
 - A4Uz/1oQrwo71L+/5hZ5fw==
 - K7zR6WcN28Aa2jLlrV9ArQ==
 - 3IFtNgSC/1z1OTWEjdWFoA==
 - kuuzjoA7e1LahbkQBb+P9Q==
 - hYtmqoeLfN51tt+BADJulA==
 - cbTywOAYmIXCCblJsnojuQ==
 - B+SCFTmZ9NvH1uK10ytJEw==
 - dd20aaPwm85AYq2RQAIFmw==
 - yvLQSJvl0Fszd6NUUM5heg==
 - bKCb5LdFq/T4opBRfd7lHw==
 - 0L2SuW/a4Psvi818cAThAQ==
 - eukyo4sVE3QmH02h/RtJmQ==
Vicinity : 20
 - hLYhlmskxy2FZthweVZbYA==
 - j0OHHfVfuTTI1KZS4PjXDg==
 - CW+xYtlyOtVIaOXkCa+41Q==
 - gS8m7U2yvxQcIS0J550HFQ==
 - Qrr6Kp9EpF1f5/+uCWwMNA==
 - ItBya+VdIthvhnCk4ADyNQ==
 - pit3oU0vcg8tl19tC468Tg==
 - nhuQPyDgFoMlMk4/1zcSKA==
 - A4Uz/1oQrwo71L+/5hZ5fw==
 - K7zR6WcN28Aa2jLlrV9ArQ==
 - 3IFtNgSC/1z1OTWEjdWFoA==
 - kuuzjoA7e1LahbkQBb+P9Q==
 - hYtmqoeLfN51tt+BADJulA==
 - cbTywOAYmIXCCblJsnojuQ==
 - B+SCFTmZ9NvH1uK10ytJEw==
 - dd20aaPwm85AYq2RQAIFmw==
 - yvLQSJvl0Fszd6NUUM5heg==
 - bKCb5LdFq/T4opBRfd7lHw==
 - 0L2SuW/a4Psvi818cAThAQ==
 - eukyo4sVE3QmH02h/RtJmQ==
Rings : 0

[yvLQSJvl0Fszd6NUUM5heg==]
Cyclon : 20
 - CQqIsGvld58wgF1xeAWxPg==
 - Qrr6Kp9EpF1f5/+uCWwMNA==
 - dd20aaPwm85AYq2RQAIFmw==
 - CW+xYtlyOtVIaOXkCa+41Q==
 - j0OHHfVfuTTI1KZS4PjXDg==
 - pit3oU0vcg8tl19tC468Tg==
 - bKCb5LdFq/T4opBRfd7lHw==
 - cbTywOAYmIXCCblJsnojuQ==
 - kuuzjoA7e1LahbkQBb+P9Q==
 - uxl19Ymy2xAEFs6sjAv2ZQ==
 - INa63E4fM0euCbkeDSR6mA==
 - A4Uz/1oQrwo71L+/5hZ5fw==
 - 45soH7aOMLkbsbD7tTdrww==
 - K7zR6WcN28Aa2jLlrV9ArQ==
 - eukyo4sVE3QmH02h/RtJmQ==
 - 0L2SuW/a4Psvi818cAThAQ==
 - 3IFtNgSC/1z1OTWEjdWFoA==
 - fzh0W3PSqk5Y2xTEIaFvjw==
 - nhuQPyDgFoMlMk4/1zcSKA==
 - hLYhlmskxy2FZthweVZbYA==
Vicinity : 20
 - CQqIsGvld58wgF1xeAWxPg==
 - Qrr6Kp9EpF1f5/+uCWwMNA==
 - dd20aaPwm85AYq2RQAIFmw==
 - CW+xYtlyOtVIaOXkCa+41Q==
 - j0OHHfVfuTTI1KZS4PjXDg==
 - pit3oU0vcg8tl19tC468Tg==
 - bKCb5LdFq/T4opBRfd7lHw==
 - cbTywOAYmIXCCblJsnojuQ==
 - kuuzjoA7e1LahbkQBb+P9Q==
 - uxl19Ymy2xAEFs6sjAv2ZQ==
 - INa63E4fM0euCbkeDSR6mA==
 - A4Uz/1oQrwo71L+/5hZ5fw==
 - 45soH7aOMLkbsbD7tTdrww==
 - K7zR6WcN28Aa2jLlrV9ArQ==
 - eukyo4sVE3QmH02h/RtJmQ==
 - 0L2SuW/a4Psvi818cAThAQ==
 - 3IFtNgSC/1z1OTWEjdWFoA==
 - fzh0W3PSqk5Y2xTEIaFvjw==
 - nhuQPyDgFoMlMk4/1zcSKA==
 - hLYhlmskxy2FZthweVZbYA==
Rings : 0

[CW+xYtlyOtVIaOXkCa+41Q==]
Cyclon : 20
 - 3IFtNgSC/1z1OTWEjdWFoA==
 - yvLQSJvl0Fszd6NUUM5heg==
 - pit3oU0vcg8tl19tC468Tg==
 - B+SCFTmZ9NvH1uK10ytJEw==
 - eukyo4sVE3QmH02h/RtJmQ==
 - hLYhlmskxy2FZthweVZbYA==
 - nhuQPyDgFoMlMk4/1zcSKA==
 - A4Uz/1oQrwo71L+/5hZ5fw==
 - hYtmqoeLfN51tt+BADJulA==
 - kuuzjoA7e1LahbkQBb+P9Q==
 - gS8m7U2yvxQcIS0J550HFQ==
 - dd20aaPwm85AYq2RQAIFmw==
 - 45soH7aOMLkbsbD7tTdrww==
 - 0L2SuW/a4Psvi818cAThAQ==
 - ItBya+VdIthvhnCk4ADyNQ==
 - CQqIsGvld58wgF1xeAWxPg==
 - j0OHHfVfuTTI1KZS4PjXDg==
 - Qrr6Kp9EpF1f5/+uCWwMNA==
 - cbTywOAYmIXCCblJsnojuQ==
 - bKCb5LdFq/T4opBRfd7lHw==
Vicinity : 20
 - 3IFtNgSC/1z1OTWEjdWFoA==
 - yvLQSJvl0Fszd6NUUM5heg==
 - pit3oU0vcg8tl19tC468Tg==
 - B+SCFTmZ9NvH1uK10ytJEw==
 - eukyo4sVE3QmH02h/RtJmQ==
 - hLYhlmskxy2FZthweVZbYA==
 - nhuQPyDgFoMlMk4/1zcSKA==
 - A4Uz/1oQrwo71L+/5hZ5fw==
 - hYtmqoeLfN51tt+BADJulA==
 - kuuzjoA7e1LahbkQBb+P9Q==
 - gS8m7U2yvxQcIS0J550HFQ==
 - dd20aaPwm85AYq2RQAIFmw==
 - 45soH7aOMLkbsbD7tTdrww==
 - 0L2SuW/a4Psvi818cAThAQ==
 - ItBya+VdIthvhnCk4ADyNQ==
 - CQqIsGvld58wgF1xeAWxPg==
 - j0OHHfVfuTTI1KZS4PjXDg==
 - Qrr6Kp9EpF1f5/+uCWwMNA==
 - cbTywOAYmIXCCblJsnojuQ==
 - bKCb5LdFq/T4opBRfd7lHw==
Rings : 0

[A4Uz/1oQrwo71L+/5hZ5fw==]
Cyclon : 19
 - hYtmqoeLfN51tt+BADJulA==
 - ItBya+VdIthvhnCk4ADyNQ==
 - kuuzjoA7e1LahbkQBb+P9Q==
 - uxl19Ymy2xAEFs6sjAv2ZQ==
 - Qrr6Kp9EpF1f5/+uCWwMNA==
 - gS8m7U2yvxQcIS0J550HFQ==
 - 45soH7aOMLkbsbD7tTdrww==
 - eukyo4sVE3QmH02h/RtJmQ==
 - pit3oU0vcg8tl19tC468Tg==
 - bKCb5LdFq/T4opBRfd7lHw==
 - K7zR6WcN28Aa2jLlrV9ArQ==
 - j0OHHfVfuTTI1KZS4PjXDg==
 - 3IFtNgSC/1z1OTWEjdWFoA==
 - B+SCFTmZ9NvH1uK10ytJEw==
 - nhuQPyDgFoMlMk4/1zcSKA==
 - yvLQSJvl0Fszd6NUUM5heg==
 - dd20aaPwm85AYq2RQAIFmw==
 - fzh0W3PSqk5Y2xTEIaFvjw==
 - hLYhlmskxy2FZthweVZbYA==
Vicinity : 19
 - hYtmqoeLfN51tt+BADJulA==
 - ItBya+VdIthvhnCk4ADyNQ==
 - kuuzjoA7e1LahbkQBb+P9Q==
 - uxl19Ymy2xAEFs6sjAv2ZQ==
 - Qrr6Kp9EpF1f5/+uCWwMNA==
 - gS8m7U2yvxQcIS0J550HFQ==
 - 45soH7aOMLkbsbD7tTdrww==
 - eukyo4sVE3QmH02h/RtJmQ==
 - pit3oU0vcg8tl19tC468Tg==
 - bKCb5LdFq/T4opBRfd7lHw==
 - K7zR6WcN28Aa2jLlrV9ArQ==
 - j0OHHfVfuTTI1KZS4PjXDg==
 - 3IFtNgSC/1z1OTWEjdWFoA==
 - B+SCFTmZ9NvH1uK10ytJEw==
 - nhuQPyDgFoMlMk4/1zcSKA==
 - yvLQSJvl0Fszd6NUUM5heg==
 - dd20aaPwm85AYq2RQAIFmw==
 - fzh0W3PSqk5Y2xTEIaFvjw==
 - hLYhlmskxy2FZthweVZbYA==
Rings : 0

[3IFtNgSC/1z1OTWEjdWFoA==]
Cyclon : 20
 - CQqIsGvld58wgF1xeAWxPg==
 - kuuzjoA7e1LahbkQBb+P9Q==
 - 45soH7aOMLkbsbD7tTdrww==
 - j0OHHfVfuTTI1KZS4PjXDg==
 - K7zR6WcN28Aa2jLlrV9ArQ==
 - ItBya+VdIthvhnCk4ADyNQ==
 - dd20aaPwm85AYq2RQAIFmw==
 - nhuQPyDgFoMlMk4/1zcSKA==
 - fzh0W3PSqk5Y2xTEIaFvjw==
 - uxl19Ymy2xAEFs6sjAv2ZQ==
 - hYtmqoeLfN51tt+BADJulA==
 - cbTywOAYmIXCCblJsnojuQ==
 - B+SCFTmZ9NvH1uK10ytJEw==
 - yvLQSJvl0Fszd6NUUM5heg==
 - 0L2SuW/a4Psvi818cAThAQ==
 - eukyo4sVE3QmH02h/RtJmQ==
 - INa63E4fM0euCbkeDSR6mA==
 - A4Uz/1oQrwo71L+/5hZ5fw==
 - hLYhlmskxy2FZthweVZbYA==
 - pit3oU0vcg8tl19tC468Tg==
Vicinity : 20
 - CQqIsGvld58wgF1xeAWxPg==
 - kuuzjoA7e1LahbkQBb+P9Q==
 - 45soH7aOMLkbsbD7tTdrww==
 - j0OHHfVfuTTI1KZS4PjXDg==
 - K7zR6WcN28Aa2jLlrV9ArQ==
 - ItBya+VdIthvhnCk4ADyNQ==
 - dd20aaPwm85AYq2RQAIFmw==
 - nhuQPyDgFoMlMk4/1zcSKA==
 - fzh0W3PSqk5Y2xTEIaFvjw==
 - uxl19Ymy2xAEFs6sjAv2ZQ==
 - hYtmqoeLfN51tt+BADJulA==
 - cbTywOAYmIXCCblJsnojuQ==
 - B+SCFTmZ9NvH1uK10ytJEw==
 - yvLQSJvl0Fszd6NUUM5heg==
 - 0L2SuW/a4Psvi818cAThAQ==
 - eukyo4sVE3QmH02h/RtJmQ==
 - INa63E4fM0euCbkeDSR6mA==
 - A4Uz/1oQrwo71L+/5hZ5fw==
 - hLYhlmskxy2FZthweVZbYA==
 - pit3oU0vcg8tl19tC468Tg==
Rings : 0

[nhuQPyDgFoMlMk4/1zcSKA==]
Cyclon : 20
 - pit3oU0vcg8tl19tC468Tg==
 - 3IFtNgSC/1z1OTWEjdWFoA==
 - K7zR6WcN28Aa2jLlrV9ArQ==
 - j0OHHfVfuTTI1KZS4PjXDg==
 - ItBya+VdIthvhnCk4ADyNQ==
 - fzh0W3PSqk5Y2xTEIaFvjw==
 - CW+xYtlyOtVIaOXkCa+41Q==
 - A4Uz/1oQrwo71L+/5hZ5fw==
 - Qrr6Kp9EpF1f5/+uCWwMNA==
 - eukyo4sVE3QmH02h/RtJmQ==
 - B+SCFTmZ9NvH1uK10ytJEw==
 - gS8m7U2yvxQcIS0J550HFQ==
 - uxl19Ymy2xAEFs6sjAv2ZQ==
 - hLYhlmskxy2FZthweVZbYA==
 - dd20aaPwm85AYq2RQAIFmw==
 - yvLQSJvl0Fszd6NUUM5heg==
 - hYtmqoeLfN51tt+BADJulA==
 - bKCb5LdFq/T4opBRfd7lHw==
 - INa63E4fM0euCbkeDSR6mA==
 - cbTywOAYmIXCCblJsnojuQ==
Vicinity : 20
 - pit3oU0vcg8tl19tC468Tg==
 - 3IFtNgSC/1z1OTWEjdWFoA==
 - K7zR6WcN28Aa2jLlrV9ArQ==
 - j0OHHfVfuTTI1KZS4PjXDg==
 - ItBya+VdIthvhnCk4ADyNQ==
 - fzh0W3PSqk5Y2xTEIaFvjw==
 - CW+xYtlyOtVIaOXkCa+41Q==
 - A4Uz/1oQrwo71L+/5hZ5fw==
 - Qrr6Kp9EpF1f5/+uCWwMNA==
 - eukyo4sVE3QmH02h/RtJmQ==
 - B+SCFTmZ9NvH1uK10ytJEw==
 - gS8m7U2yvxQcIS0J550HFQ==
 - uxl19Ymy2xAEFs6sjAv2ZQ==
 - hLYhlmskxy2FZthweVZbYA==
 - dd20aaPwm85AYq2RQAIFmw==
 - yvLQSJvl0Fszd6NUUM5heg==
 - hYtmqoeLfN51tt+BADJulA==
 - bKCb5LdFq/T4opBRfd7lHw==
 - INa63E4fM0euCbkeDSR6mA==
 - cbTywOAYmIXCCblJsnojuQ==
Rings : 0

[gS8m7U2yvxQcIS0J550HFQ==]
Cyclon : 20
 - CQqIsGvld58wgF1xeAWxPg==
 - fzh0W3PSqk5Y2xTEIaFvjw==
 - INa63E4fM0euCbkeDSR6mA==
 - A4Uz/1oQrwo71L+/5hZ5fw==
 - K7zR6WcN28Aa2jLlrV9ArQ==
 - hLYhlmskxy2FZthweVZbYA==
 - j0OHHfVfuTTI1KZS4PjXDg==
 - pit3oU0vcg8tl19tC468Tg==
 - ItBya+VdIthvhnCk4ADyNQ==
 - 45soH7aOMLkbsbD7tTdrww==
 - 3IFtNgSC/1z1OTWEjdWFoA==
 - kuuzjoA7e1LahbkQBb+P9Q==
 - hYtmqoeLfN51tt+BADJulA==
 - cbTywOAYmIXCCblJsnojuQ==
 - B+SCFTmZ9NvH1uK10ytJEw==
 - dd20aaPwm85AYq2RQAIFmw==
 - yvLQSJvl0Fszd6NUUM5heg==
 - bKCb5LdFq/T4opBRfd7lHw==
 - 0L2SuW/a4Psvi818cAThAQ==
 - eukyo4sVE3QmH02h/RtJmQ==
Vicinity : 20
 - CQqIsGvld58wgF1xeAWxPg==
 - fzh0W3PSqk5Y2xTEIaFvjw==
 - INa63E4fM0euCbkeDSR6mA==
 - A4Uz/1oQrwo71L+/5hZ5fw==
 - K7zR6WcN28Aa2jLlrV9ArQ==
 - hLYhlmskxy2FZthweVZbYA==
 - j0OHHfVfuTTI1KZS4PjXDg==
 - pit3oU0vcg8tl19tC468Tg==
 - ItBya+VdIthvhnCk4ADyNQ==
 - 45soH7aOMLkbsbD7tTdrww==
 - 3IFtNgSC/1z1OTWEjdWFoA==
 - kuuzjoA7e1LahbkQBb+P9Q==
 - hYtmqoeLfN51tt+BADJulA==
 - cbTywOAYmIXCCblJsnojuQ==
 - B+SCFTmZ9NvH1uK10ytJEw==
 - dd20aaPwm85AYq2RQAIFmw==
 - yvLQSJvl0Fszd6NUUM5heg==
 - bKCb5LdFq/T4opBRfd7lHw==
 - 0L2SuW/a4Psvi818cAThAQ==
 - eukyo4sVE3QmH02h/RtJmQ==
Rings : 0

[bKCb5LdFq/T4opBRfd7lHw==]
Cyclon : 20
 - gS8m7U2yvxQcIS0J550HFQ==
 - yvLQSJvl0Fszd6NUUM5heg==
 - fzh0W3PSqk5Y2xTEIaFvjw==
 - eukyo4sVE3QmH02h/RtJmQ==
 - A4Uz/1oQrwo71L+/5hZ5fw==
 - uxl19Ymy2xAEFs6sjAv2ZQ==
 - B+SCFTmZ9NvH1uK10ytJEw==
 - j0OHHfVfuTTI1KZS4PjXDg==
 - 0L2SuW/a4Psvi818cAThAQ==
 - CW+xYtlyOtVIaOXkCa+41Q==
 - hLYhlmskxy2FZthweVZbYA==
 - pit3oU0vcg8tl19tC468Tg==
 - INa63E4fM0euCbkeDSR6mA==
 - CQqIsGvld58wgF1xeAWxPg==
 - K7zR6WcN28Aa2jLlrV9ArQ==
 - ItBya+VdIthvhnCk4ADyNQ==
 - 3IFtNgSC/1z1OTWEjdWFoA==
 - kuuzjoA7e1LahbkQBb+P9Q==
 - hYtmqoeLfN51tt+BADJulA==
 - cbTywOAYmIXCCblJsnojuQ==
Vicinity : 20
 - gS8m7U2yvxQcIS0J550HFQ==
 - yvLQSJvl0Fszd6NUUM5heg==
 - fzh0W3PSqk5Y2xTEIaFvjw==
 - eukyo4sVE3QmH02h/RtJmQ==
 - A4Uz/1oQrwo71L+/5hZ5fw==
 - uxl19Ymy2xAEFs6sjAv2ZQ==
 - B+SCFTmZ9NvH1uK10ytJEw==
 - j0OHHfVfuTTI1KZS4PjXDg==
 - 0L2SuW/a4Psvi818cAThAQ==
 - CW+xYtlyOtVIaOXkCa+41Q==
 - hLYhlmskxy2FZthweVZbYA==
 - pit3oU0vcg8tl19tC468Tg==
 - INa63E4fM0euCbkeDSR6mA==
 - CQqIsGvld58wgF1xeAWxPg==
 - K7zR6WcN28Aa2jLlrV9ArQ==
 - ItBya+VdIthvhnCk4ADyNQ==
 - 3IFtNgSC/1z1OTWEjdWFoA==
 - kuuzjoA7e1LahbkQBb+P9Q==
 - hYtmqoeLfN51tt+BADJulA==
 - cbTywOAYmIXCCblJsnojuQ==
Rings : 0

[uxl19Ymy2xAEFs6sjAv2ZQ==]
Cyclon : 20
 - CQqIsGvld58wgF1xeAWxPg==
 - Qrr6Kp9EpF1f5/+uCWwMNA==
 - dd20aaPwm85AYq2RQAIFmw==
 - 45soH7aOMLkbsbD7tTdrww==
 - cbTywOAYmIXCCblJsnojuQ==
 - hLYhlmskxy2FZthweVZbYA==
 - CW+xYtlyOtVIaOXkCa+41Q==
 - 0L2SuW/a4Psvi818cAThAQ==
 - K7zR6WcN28Aa2jLlrV9ArQ==
 - hYtmqoeLfN51tt+BADJulA==
 - ItBya+VdIthvhnCk4ADyNQ==
 - gS8m7U2yvxQcIS0J550HFQ==
 - nhuQPyDgFoMlMk4/1zcSKA==
 - A4Uz/1oQrwo71L+/5hZ5fw==
 - B+SCFTmZ9NvH1uK10ytJEw==
 - INa63E4fM0euCbkeDSR6mA==
 - bKCb5LdFq/T4opBRfd7lHw==
 - fzh0W3PSqk5Y2xTEIaFvjw==
 - kuuzjoA7e1LahbkQBb+P9Q==
 - eukyo4sVE3QmH02h/RtJmQ==
Vicinity : 20
 - CQqIsGvld58wgF1xeAWxPg==
 - Qrr6Kp9EpF1f5/+uCWwMNA==
 - dd20aaPwm85AYq2RQAIFmw==
 - 45soH7aOMLkbsbD7tTdrww==
 - cbTywOAYmIXCCblJsnojuQ==
 - hLYhlmskxy2FZthweVZbYA==
 - CW+xYtlyOtVIaOXkCa+41Q==
 - 0L2SuW/a4Psvi818cAThAQ==
 - K7zR6WcN28Aa2jLlrV9ArQ==
 - hYtmqoeLfN51tt+BADJulA==
 - ItBya+VdIthvhnCk4ADyNQ==
 - gS8m7U2yvxQcIS0J550HFQ==
 - nhuQPyDgFoMlMk4/1zcSKA==
 - A4Uz/1oQrwo71L+/5hZ5fw==
 - B+SCFTmZ9NvH1uK10ytJEw==
 - INa63E4fM0euCbkeDSR6mA==
 - bKCb5LdFq/T4opBRfd7lHw==
 - fzh0W3PSqk5Y2xTEIaFvjw==
 - kuuzjoA7e1LahbkQBb+P9Q==
 - eukyo4sVE3QmH02h/RtJmQ==
Rings : 0

[Qrr6Kp9EpF1f5/+uCWwMNA==]
Cyclon : 19
 - ItBya+VdIthvhnCk4ADyNQ==
 - nhuQPyDgFoMlMk4/1zcSKA==
 - bKCb5LdFq/T4opBRfd7lHw==
 - hYtmqoeLfN51tt+BADJulA==
 - CW+xYtlyOtVIaOXkCa+41Q==
 - gS8m7U2yvxQcIS0J550HFQ==
 - 3IFtNgSC/1z1OTWEjdWFoA==
 - pit3oU0vcg8tl19tC468Tg==
 - j0OHHfVfuTTI1KZS4PjXDg==
 - B+SCFTmZ9NvH1uK10ytJEw==
 - yvLQSJvl0Fszd6NUUM5heg==
 - dd20aaPwm85AYq2RQAIFmw==
 - fzh0W3PSqk5Y2xTEIaFvjw==
 - hLYhlmskxy2FZthweVZbYA==
 - INa63E4fM0euCbkeDSR6mA==
 - cbTywOAYmIXCCblJsnojuQ==
 - A4Uz/1oQrwo71L+/5hZ5fw==
 - 0L2SuW/a4Psvi818cAThAQ==
 - kuuzjoA7e1LahbkQBb+P9Q==
Vicinity : 19
 - ItBya+VdIthvhnCk4ADyNQ==
 - nhuQPyDgFoMlMk4/1zcSKA==
 - bKCb5LdFq/T4opBRfd7lHw==
 - hYtmqoeLfN51tt+BADJulA==
 - CW+xYtlyOtVIaOXkCa+41Q==
 - gS8m7U2yvxQcIS0J550HFQ==
 - 3IFtNgSC/1z1OTWEjdWFoA==
 - pit3oU0vcg8tl19tC468Tg==
 - j0OHHfVfuTTI1KZS4PjXDg==
 - B+SCFTmZ9NvH1uK10ytJEw==
 - yvLQSJvl0Fszd6NUUM5heg==
 - dd20aaPwm85AYq2RQAIFmw==
 - fzh0W3PSqk5Y2xTEIaFvjw==
 - hLYhlmskxy2FZthweVZbYA==
 - INa63E4fM0euCbkeDSR6mA==
 - cbTywOAYmIXCCblJsnojuQ==
 - A4Uz/1oQrwo71L+/5hZ5fw==
 - 0L2SuW/a4Psvi818cAThAQ==
 - kuuzjoA7e1LahbkQBb+P9Q==
Rings : 0

[kuuzjoA7e1LahbkQBb+P9Q==]
Cyclon : 20
 - 0L2SuW/a4Psvi818cAThAQ==
 - ItBya+VdIthvhnCk4ADyNQ==
 - CQqIsGvld58wgF1xeAWxPg==
 - j0OHHfVfuTTI1KZS4PjXDg==
 - Qrr6Kp9EpF1f5/+uCWwMNA==
 - cbTywOAYmIXCCblJsnojuQ==
 - bKCb5LdFq/T4opBRfd7lHw==
 - hYtmqoeLfN51tt+BADJulA==
 - uxl19Ymy2xAEFs6sjAv2ZQ==
 - eukyo4sVE3QmH02h/RtJmQ==
 - A4Uz/1oQrwo71L+/5hZ5fw==
 - pit3oU0vcg8tl19tC468Tg==
 - nhuQPyDgFoMlMk4/1zcSKA==
 - K7zR6WcN28Aa2jLlrV9ArQ==
 - 3IFtNgSC/1z1OTWEjdWFoA==
 - CW+xYtlyOtVIaOXkCa+41Q==
 - yvLQSJvl0Fszd6NUUM5heg==
 - fzh0W3PSqk5Y2xTEIaFvjw==
 - hLYhlmskxy2FZthweVZbYA==
 - INa63E4fM0euCbkeDSR6mA==
Vicinity : 20
 - 0L2SuW/a4Psvi818cAThAQ==
 - ItBya+VdIthvhnCk4ADyNQ==
 - CQqIsGvld58wgF1xeAWxPg==
 - j0OHHfVfuTTI1KZS4PjXDg==
 - Qrr6Kp9EpF1f5/+uCWwMNA==
 - cbTywOAYmIXCCblJsnojuQ==
 - bKCb5LdFq/T4opBRfd7lHw==
 - hYtmqoeLfN51tt+BADJulA==
 - uxl19Ymy2xAEFs6sjAv2ZQ==
 - eukyo4sVE3QmH02h/RtJmQ==
 - A4Uz/1oQrwo71L+/5hZ5fw==
 - pit3oU0vcg8tl19tC468Tg==
 - nhuQPyDgFoMlMk4/1zcSKA==
 - K7zR6WcN28Aa2jLlrV9ArQ==
 - 3IFtNgSC/1z1OTWEjdWFoA==
 - CW+xYtlyOtVIaOXkCa+41Q==
 - yvLQSJvl0Fszd6NUUM5heg==
 - fzh0W3PSqk5Y2xTEIaFvjw==
 - hLYhlmskxy2FZthweVZbYA==
 - INa63E4fM0euCbkeDSR6mA==
Rings : 0

[eukyo4sVE3QmH02h/RtJmQ==]
Cyclon : 20
 - j0OHHfVfuTTI1KZS4PjXDg==
 - kuuzjoA7e1LahbkQBb+P9Q==
 - 0L2SuW/a4Psvi818cAThAQ==
 - CW+xYtlyOtVIaOXkCa+41Q==
 - Qrr6Kp9EpF1f5/+uCWwMNA==
 - hYtmqoeLfN51tt+BADJulA==
 - ItBya+VdIthvhnCk4ADyNQ==
 - 3IFtNgSC/1z1OTWEjdWFoA==
 - nhuQPyDgFoMlMk4/1zcSKA==
 - B+SCFTmZ9NvH1uK10ytJEw==
 - dd20aaPwm85AYq2RQAIFmw==
 - gS8m7U2yvxQcIS0J550HFQ==
 - yvLQSJvl0Fszd6NUUM5heg==
 - fzh0W3PSqk5Y2xTEIaFvjw==
 - bKCb5LdFq/T4opBRfd7lHw==
 - hLYhlmskxy2FZthweVZbYA==
 - INa63E4fM0euCbkeDSR6mA==
 - pit3oU0vcg8tl19tC468Tg==
 - A4Uz/1oQrwo71L+/5hZ5fw==
 - uxl19Ymy2xAEFs6sjAv2ZQ==
Vicinity : 20
 - j0OHHfVfuTTI1KZS4PjXDg==
 - kuuzjoA7e1LahbkQBb+P9Q==
 - 0L2SuW/a4Psvi818cAThAQ==
 - CW+xYtlyOtVIaOXkCa+41Q==
 - gS8m7U2yvxQcIS0J550HFQ==
 - Qrr6Kp9EpF1f5/+uCWwMNA==
 - hYtmqoeLfN51tt+BADJulA==
 - dd20aaPwm85AYq2RQAIFmw==
 - fzh0W3PSqk5Y2xTEIaFvjw==
 - INa63E4fM0euCbkeDSR6mA==
 - bKCb5LdFq/T4opBRfd7lHw==
 - ItBya+VdIthvhnCk4ADyNQ==
 - uxl19Ymy2xAEFs6sjAv2ZQ==
 - A4Uz/1oQrwo71L+/5hZ5fw==
 - hLYhlmskxy2FZthweVZbYA==
 - 3IFtNgSC/1z1OTWEjdWFoA==
 - yvLQSJvl0Fszd6NUUM5heg==
 - nhuQPyDgFoMlMk4/1zcSKA==
 - pit3oU0vcg8tl19tC468Tg==
 - B+SCFTmZ9NvH1uK10ytJEw==
Rings : 0

[0L2SuW/a4Psvi818cAThAQ==]
Cyclon : 20
 - j0OHHfVfuTTI1KZS4PjXDg==
 - K7zR6WcN28Aa2jLlrV9ArQ==
 - hLYhlmskxy2FZthweVZbYA==
 - pit3oU0vcg8tl19tC468Tg==
 - cbTywOAYmIXCCblJsnojuQ==
 - 3IFtNgSC/1z1OTWEjdWFoA==
 - fzh0W3PSqk5Y2xTEIaFvjw==
 - CQqIsGvld58wgF1xeAWxPg==
 - A4Uz/1oQrwo71L+/5hZ5fw==
 - dd20aaPwm85AYq2RQAIFmw==
 - B+SCFTmZ9NvH1uK10ytJEw==
 - ItBya+VdIthvhnCk4ADyNQ==
 - hYtmqoeLfN51tt+BADJulA==
 - kuuzjoA7e1LahbkQBb+P9Q==
 - INa63E4fM0euCbkeDSR6mA==
 - gS8m7U2yvxQcIS0J550HFQ==
 - Qrr6Kp9EpF1f5/+uCWwMNA==
 - CW+xYtlyOtVIaOXkCa+41Q==
 - nhuQPyDgFoMlMk4/1zcSKA==
 - uxl19Ymy2xAEFs6sjAv2ZQ==
Vicinity : 20
 - j0OHHfVfuTTI1KZS4PjXDg==
 - K7zR6WcN28Aa2jLlrV9ArQ==
 - hLYhlmskxy2FZthweVZbYA==
 - pit3oU0vcg8tl19tC468Tg==
 - cbTywOAYmIXCCblJsnojuQ==
 - 3IFtNgSC/1z1OTWEjdWFoA==
 - fzh0W3PSqk5Y2xTEIaFvjw==
 - CQqIsGvld58wgF1xeAWxPg==
 - A4Uz/1oQrwo71L+/5hZ5fw==
 - dd20aaPwm85AYq2RQAIFmw==
 - B+SCFTmZ9NvH1uK10ytJEw==
 - ItBya+VdIthvhnCk4ADyNQ==
 - hYtmqoeLfN51tt+BADJulA==
 - kuuzjoA7e1LahbkQBb+P9Q==
 - INa63E4fM0euCbkeDSR6mA==
 - gS8m7U2yvxQcIS0J550HFQ==
 - Qrr6Kp9EpF1f5/+uCWwMNA==
 - CW+xYtlyOtVIaOXkCa+41Q==
 - nhuQPyDgFoMlMk4/1zcSKA==
 - uxl19Ymy2xAEFs6sjAv2ZQ==
Rings : 0

[cbTywOAYmIXCCblJsnojuQ==]
Cyclon : 20
 - dd20aaPwm85AYq2RQAIFmw==
 - uxl19Ymy2xAEFs6sjAv2ZQ==
 - ItBya+VdIthvhnCk4ADyNQ==
 - nhuQPyDgFoMlMk4/1zcSKA==
 - bKCb5LdFq/T4opBRfd7lHw==
 - hYtmqoeLfN51tt+BADJulA==
 - CW+xYtlyOtVIaOXkCa+41Q==
 - fzh0W3PSqk5Y2xTEIaFvjw==
 - hLYhlmskxy2FZthweVZbYA==
 - B+SCFTmZ9NvH1uK10ytJEw==
 - kuuzjoA7e1LahbkQBb+P9Q==
 - 0L2SuW/a4Psvi818cAThAQ==
 - CQqIsGvld58wgF1xeAWxPg==
 - 3IFtNgSC/1z1OTWEjdWFoA==
 - eukyo4sVE3QmH02h/RtJmQ==
 - K7zR6WcN28Aa2jLlrV9ArQ==
 - j0OHHfVfuTTI1KZS4PjXDg==
 - gS8m7U2yvxQcIS0J550HFQ==
 - Qrr6Kp9EpF1f5/+uCWwMNA==
 - A4Uz/1oQrwo71L+/5hZ5fw==
Vicinity : 20
 - dd20aaPwm85AYq2RQAIFmw==
 - uxl19Ymy2xAEFs6sjAv2ZQ==
 - ItBya+VdIthvhnCk4ADyNQ==
 - nhuQPyDgFoMlMk4/1zcSKA==
 - bKCb5LdFq/T4opBRfd7lHw==
 - hYtmqoeLfN51tt+BADJulA==
 - CW+xYtlyOtVIaOXkCa+41Q==
 - fzh0W3PSqk5Y2xTEIaFvjw==
 - hLYhlmskxy2FZthweVZbYA==
 - B+SCFTmZ9NvH1uK10ytJEw==
 - kuuzjoA7e1LahbkQBb+P9Q==
 - 0L2SuW/a4Psvi818cAThAQ==
 - CQqIsGvld58wgF1xeAWxPg==
 - 3IFtNgSC/1z1OTWEjdWFoA==
 - eukyo4sVE3QmH02h/RtJmQ==
 - K7zR6WcN28Aa2jLlrV9ArQ==
 - j0OHHfVfuTTI1KZS4PjXDg==
 - gS8m7U2yvxQcIS0J550HFQ==
 - Qrr6Kp9EpF1f5/+uCWwMNA==
 - A4Uz/1oQrwo71L+/5hZ5fw==
Rings : 0

[hYtmqoeLfN51tt+BADJulA==]
Cyclon : 20
 - dd20aaPwm85AYq2RQAIFmw==
 - hLYhlmskxy2FZthweVZbYA==
 - CW+xYtlyOtVIaOXkCa+41Q==
 - 0L2SuW/a4Psvi818cAThAQ==
 - A4Uz/1oQrwo71L+/5hZ5fw==
 - fzh0W3PSqk5Y2xTEIaFvjw==
 - gS8m7U2yvxQcIS0J550HFQ==
 - eukyo4sVE3QmH02h/RtJmQ==
 - bKCb5LdFq/T4opBRfd7lHw==
 - K7zR6WcN28Aa2jLlrV9ArQ==
 - 3IFtNgSC/1z1OTWEjdWFoA==
 - j0OHHfVfuTTI1KZS4PjXDg==
 - 45soH7aOMLkbsbD7tTdrww==
 - cbTywOAYmIXCCblJsnojuQ==
 - uxl19Ymy2xAEFs6sjAv2ZQ==
 - pit3oU0vcg8tl19tC468Tg==
 - ItBya+VdIthvhnCk4ADyNQ==
 - B+SCFTmZ9NvH1uK10ytJEw==
 - Qrr6Kp9EpF1f5/+uCWwMNA==
 - CQqIsGvld58wgF1xeAWxPg==
Vicinity : 20
 - dd20aaPwm85AYq2RQAIFmw==
 - hLYhlmskxy2FZthweVZbYA==
 - CW+xYtlyOtVIaOXkCa+41Q==
 - 0L2SuW/a4Psvi818cAThAQ==
 - A4Uz/1oQrwo71L+/5hZ5fw==
 - fzh0W3PSqk5Y2xTEIaFvjw==
 - gS8m7U2yvxQcIS0J550HFQ==
 - eukyo4sVE3QmH02h/RtJmQ==
 - bKCb5LdFq/T4opBRfd7lHw==
 - K7zR6WcN28Aa2jLlrV9ArQ==
 - 3IFtNgSC/1z1OTWEjdWFoA==
 - j0OHHfVfuTTI1KZS4PjXDg==
 - 45soH7aOMLkbsbD7tTdrww==
 - cbTywOAYmIXCCblJsnojuQ==
 - uxl19Ymy2xAEFs6sjAv2ZQ==
 - pit3oU0vcg8tl19tC468Tg==
 - ItBya+VdIthvhnCk4ADyNQ==
 - B+SCFTmZ9NvH1uK10ytJEw==
 - Qrr6Kp9EpF1f5/+uCWwMNA==
 - CQqIsGvld58wgF1xeAWxPg==
Rings : 0

[B+SCFTmZ9NvH1uK10ytJEw==]
Cyclon : 19
 - 0L2SuW/a4Psvi818cAThAQ==
 - ItBya+VdIthvhnCk4ADyNQ==
 - hYtmqoeLfN51tt+BADJulA==
 - kuuzjoA7e1LahbkQBb+P9Q==
 - INa63E4fM0euCbkeDSR6mA==
 - gS8m7U2yvxQcIS0J550HFQ==
 - Qrr6Kp9EpF1f5/+uCWwMNA==
 - CW+xYtlyOtVIaOXkCa+41Q==
 - nhuQPyDgFoMlMk4/1zcSKA==
 - uxl19Ymy2xAEFs6sjAv2ZQ==
 - dd20aaPwm85AYq2RQAIFmw==
 - eukyo4sVE3QmH02h/RtJmQ==
 - j0OHHfVfuTTI1KZS4PjXDg==
 - pit3oU0vcg8tl19tC468Tg==
 - yvLQSJvl0Fszd6NUUM5heg==
 - hLYhlmskxy2FZthweVZbYA==
 - bKCb5LdFq/T4opBRfd7lHw==
 - fzh0W3PSqk5Y2xTEIaFvjw==
 - K7zR6WcN28Aa2jLlrV9ArQ==
Vicinity : 19
 - 0L2SuW/a4Psvi818cAThAQ==
 - ItBya+VdIthvhnCk4ADyNQ==
 - hYtmqoeLfN51tt+BADJulA==
 - kuuzjoA7e1LahbkQBb+P9Q==
 - INa63E4fM0euCbkeDSR6mA==
 - gS8m7U2yvxQcIS0J550HFQ==
 - Qrr6Kp9EpF1f5/+uCWwMNA==
 - CW+xYtlyOtVIaOXkCa+41Q==
 - nhuQPyDgFoMlMk4/1zcSKA==
 - uxl19Ymy2xAEFs6sjAv2ZQ==
 - dd20aaPwm85AYq2RQAIFmw==
 - eukyo4sVE3QmH02h/RtJmQ==
 - j0OHHfVfuTTI1KZS4PjXDg==
 - pit3oU0vcg8tl19tC468Tg==
 - yvLQSJvl0Fszd6NUUM5heg==
 - hLYhlmskxy2FZthweVZbYA==
 - bKCb5LdFq/T4opBRfd7lHw==
 - fzh0W3PSqk5Y2xTEIaFvjw==
 - K7zR6WcN28Aa2jLlrV9ArQ==
Rings : 0

[hLYhlmskxy2FZthweVZbYA==]
Cyclon : 20
 - CW+xYtlyOtVIaOXkCa+41Q==
 - Qrr6Kp9EpF1f5/+uCWwMNA==
 - yvLQSJvl0Fszd6NUUM5heg==
 - fzh0W3PSqk5Y2xTEIaFvjw==
 - INa63E4fM0euCbkeDSR6mA==
 - cbTywOAYmIXCCblJsnojuQ==
 - 0L2SuW/a4Psvi818cAThAQ==
 - gS8m7U2yvxQcIS0J550HFQ==
 - CQqIsGvld58wgF1xeAWxPg==
 - dd20aaPwm85AYq2RQAIFmw==
 - eukyo4sVE3QmH02h/RtJmQ==
 - ItBya+VdIthvhnCk4ADyNQ==
 - kuuzjoA7e1LahbkQBb+P9Q==
 - hYtmqoeLfN51tt+BADJulA==
 - B+SCFTmZ9NvH1uK10ytJEw==
 - uxl19Ymy2xAEFs6sjAv2ZQ==
 - j0OHHfVfuTTI1KZS4PjXDg==
 - A4Uz/1oQrwo71L+/5hZ5fw==
 - pit3oU0vcg8tl19tC468Tg==
 - bKCb5LdFq/T4opBRfd7lHw==
Vicinity : 20
 - CW+xYtlyOtVIaOXkCa+41Q==
 - Qrr6Kp9EpF1f5/+uCWwMNA==
 - yvLQSJvl0Fszd6NUUM5heg==
 - fzh0W3PSqk5Y2xTEIaFvjw==
 - INa63E4fM0euCbkeDSR6mA==
 - cbTywOAYmIXCCblJsnojuQ==
 - 0L2SuW/a4Psvi818cAThAQ==
 - gS8m7U2yvxQcIS0J550HFQ==
 - CQqIsGvld58wgF1xeAWxPg==
 - dd20aaPwm85AYq2RQAIFmw==
 - eukyo4sVE3QmH02h/RtJmQ==
 - ItBya+VdIthvhnCk4ADyNQ==
 - kuuzjoA7e1LahbkQBb+P9Q==
 - hYtmqoeLfN51tt+BADJulA==
 - B+SCFTmZ9NvH1uK10ytJEw==
 - uxl19Ymy2xAEFs6sjAv2ZQ==
 - j0OHHfVfuTTI1KZS4PjXDg==
 - A4Uz/1oQrwo71L+/5hZ5fw==
 - pit3oU0vcg8tl19tC468Tg==
 - bKCb5LdFq/T4opBRfd7lHw==
Rings : 0

[ItBya+VdIthvhnCk4ADyNQ==]
Cyclon : 20
 - 0L2SuW/a4Psvi818cAThAQ==
 - eukyo4sVE3QmH02h/RtJmQ==
 - hLYhlmskxy2FZthweVZbYA==
 - nhuQPyDgFoMlMk4/1zcSKA==
 - A4Uz/1oQrwo71L+/5hZ5fw==
 - hYtmqoeLfN51tt+BADJulA==
 - kuuzjoA7e1LahbkQBb+P9Q==
 - INa63E4fM0euCbkeDSR6mA==
 - uxl19Ymy2xAEFs6sjAv2ZQ==
 - fzh0W3PSqk5Y2xTEIaFvjw==
 - K7zR6WcN28Aa2jLlrV9ArQ==
 - 3IFtNgSC/1z1OTWEjdWFoA==
 - j0OHHfVfuTTI1KZS4PjXDg==
 - yvLQSJvl0Fszd6NUUM5heg==
 - gS8m7U2yvxQcIS0J550HFQ==
 - cbTywOAYmIXCCblJsnojuQ==
 - pit3oU0vcg8tl19tC468Tg==
 - B+SCFTmZ9NvH1uK10ytJEw==
 - CQqIsGvld58wgF1xeAWxPg==
 - dd20aaPwm85AYq2RQAIFmw==
Vicinity : 20
 - 0L2SuW/a4Psvi818cAThAQ==
 - eukyo4sVE3QmH02h/RtJmQ==
 - hLYhlmskxy2FZthweVZbYA==
 - nhuQPyDgFoMlMk4/1zcSKA==
 - A4Uz/1oQrwo71L+/5hZ5fw==
 - hYtmqoeLfN51tt+BADJulA==
 - kuuzjoA7e1LahbkQBb+P9Q==
 - INa63E4fM0euCbkeDSR6mA==
 - uxl19Ymy2xAEFs6sjAv2ZQ==
 - fzh0W3PSqk5Y2xTEIaFvjw==
 - K7zR6WcN28Aa2jLlrV9ArQ==
 - 3IFtNgSC/1z1OTWEjdWFoA==
 - j0OHHfVfuTTI1KZS4PjXDg==
 - yvLQSJvl0Fszd6NUUM5heg==
 - gS8m7U2yvxQcIS0J550HFQ==
 - cbTywOAYmIXCCblJsnojuQ==
 - pit3oU0vcg8tl19tC468Tg==
 - B+SCFTmZ9NvH1uK10ytJEw==
 - CQqIsGvld58wgF1xeAWxPg==
 - dd20aaPwm85AYq2RQAIFmw==
Rings : 0

[45soH7aOMLkbsbD7tTdrww==]
Cyclon : 20
 - CQqIsGvld58wgF1xeAWxPg==
 - kuuzjoA7e1LahbkQBb+P9Q==
 - uxl19Ymy2xAEFs6sjAv2ZQ==
 - INa63E4fM0euCbkeDSR6mA==
 - yvLQSJvl0Fszd6NUUM5heg==
 - dd20aaPwm85AYq2RQAIFmw==
 - hLYhlmskxy2FZthweVZbYA==
 - 0L2SuW/a4Psvi818cAThAQ==
 - A4Uz/1oQrwo71L+/5hZ5fw==
 - fzh0W3PSqk5Y2xTEIaFvjw==
 - ItBya+VdIthvhnCk4ADyNQ==
 - nhuQPyDgFoMlMk4/1zcSKA==
 - bKCb5LdFq/T4opBRfd7lHw==
 - hYtmqoeLfN51tt+BADJulA==
 - CW+xYtlyOtVIaOXkCa+41Q==
 - gS8m7U2yvxQcIS0J550HFQ==
 - 3IFtNgSC/1z1OTWEjdWFoA==
 - Qrr6Kp9EpF1f5/+uCWwMNA==
 - pit3oU0vcg8tl19tC468Tg==
 - j0OHHfVfuTTI1KZS4PjXDg==
Vicinity : 20
 - CQqIsGvld58wgF1xeAWxPg==
 - kuuzjoA7e1LahbkQBb+P9Q==
 - uxl19Ymy2xAEFs6sjAv2ZQ==
 - INa63E4fM0euCbkeDSR6mA==
 - yvLQSJvl0Fszd6NUUM5heg==
 - dd20aaPwm85AYq2RQAIFmw==
 - hLYhlmskxy2FZthweVZbYA==
 - 0L2SuW/a4Psvi818cAThAQ==
 - A4Uz/1oQrwo71L+/5hZ5fw==
 - fzh0W3PSqk5Y2xTEIaFvjw==
 - ItBya+VdIthvhnCk4ADyNQ==
 - nhuQPyDgFoMlMk4/1zcSKA==
 - bKCb5LdFq/T4opBRfd7lHw==
 - hYtmqoeLfN51tt+BADJulA==
 - CW+xYtlyOtVIaOXkCa+41Q==
 - gS8m7U2yvxQcIS0J550HFQ==
 - 3IFtNgSC/1z1OTWEjdWFoA==
 - Qrr6Kp9EpF1f5/+uCWwMNA==
 - pit3oU0vcg8tl19tC468Tg==
 - j0OHHfVfuTTI1KZS4PjXDg==
Rings : 0

[K7zR6WcN28Aa2jLlrV9ArQ==]
Cyclon : 20
 - 0L2SuW/a4Psvi818cAThAQ==
 - B+SCFTmZ9NvH1uK10ytJEw==
 - INa63E4fM0euCbkeDSR6mA==
 - CQqIsGvld58wgF1xeAWxPg==
 - 45soH7aOMLkbsbD7tTdrww==
 - eukyo4sVE3QmH02h/RtJmQ==
 - Qrr6Kp9EpF1f5/+uCWwMNA==
 - hYtmqoeLfN51tt+BADJulA==
 - cbTywOAYmIXCCblJsnojuQ==
 - yvLQSJvl0Fszd6NUUM5heg==
 - fzh0W3PSqk5Y2xTEIaFvjw==
 - kuuzjoA7e1LahbkQBb+P9Q==
 - dd20aaPwm85AYq2RQAIFmw==
 - bKCb5LdFq/T4opBRfd7lHw==
 - ItBya+VdIthvhnCk4ADyNQ==
 - uxl19Ymy2xAEFs6sjAv2ZQ==
 - CW+xYtlyOtVIaOXkCa+41Q==
 - A4Uz/1oQrwo71L+/5hZ5fw==
 - hLYhlmskxy2FZthweVZbYA==
 - 3IFtNgSC/1z1OTWEjdWFoA==
Vicinity : 20
 - 0L2SuW/a4Psvi818cAThAQ==
 - B+SCFTmZ9NvH1uK10ytJEw==
 - INa63E4fM0euCbkeDSR6mA==
 - CQqIsGvld58wgF1xeAWxPg==
 - 45soH7aOMLkbsbD7tTdrww==
 - eukyo4sVE3QmH02h/RtJmQ==
 - Qrr6Kp9EpF1f5/+uCWwMNA==
 - hYtmqoeLfN51tt+BADJulA==
 - cbTywOAYmIXCCblJsnojuQ==
 - yvLQSJvl0Fszd6NUUM5heg==
 - fzh0W3PSqk5Y2xTEIaFvjw==
 - kuuzjoA7e1LahbkQBb+P9Q==
 - dd20aaPwm85AYq2RQAIFmw==
 - bKCb5LdFq/T4opBRfd7lHw==
 - ItBya+VdIthvhnCk4ADyNQ==
 - uxl19Ymy2xAEFs6sjAv2ZQ==
 - CW+xYtlyOtVIaOXkCa+41Q==
 - A4Uz/1oQrwo71L+/5hZ5fw==
 - hLYhlmskxy2FZthweVZbYA==
 - 3IFtNgSC/1z1OTWEjdWFoA==
Rings : 0

[fzh0W3PSqk5Y2xTEIaFvjw==]
Cyclon : 19
 - dd20aaPwm85AYq2RQAIFmw==
 - ItBya+VdIthvhnCk4ADyNQ==
 - INa63E4fM0euCbkeDSR6mA==
 - hLYhlmskxy2FZthweVZbYA==
 - CW+xYtlyOtVIaOXkCa+41Q==
 - A4Uz/1oQrwo71L+/5hZ5fw==
 - Qrr6Kp9EpF1f5/+uCWwMNA==
 - gS8m7U2yvxQcIS0J550HFQ==
 - eukyo4sVE3QmH02h/RtJmQ==
 - cbTywOAYmIXCCblJsnojuQ==
 - kuuzjoA7e1LahbkQBb+P9Q==
 - hYtmqoeLfN51tt+BADJulA==
 - 45soH7aOMLkbsbD7tTdrww==
 - 0L2SuW/a4Psvi818cAThAQ==
 - j0OHHfVfuTTI1KZS4PjXDg==
 - uxl19Ymy2xAEFs6sjAv2ZQ==
 - yvLQSJvl0Fszd6NUUM5heg==
 - bKCb5LdFq/T4opBRfd7lHw==
 - B+SCFTmZ9NvH1uK10ytJEw==
Vicinity : 19
 - dd20aaPwm85AYq2RQAIFmw==
 - ItBya+VdIthvhnCk4ADyNQ==
 - INa63E4fM0euCbkeDSR6mA==
 - hLYhlmskxy2FZthweVZbYA==
 - CW+xYtlyOtVIaOXkCa+41Q==
 - A4Uz/1oQrwo71L+/5hZ5fw==
 - Qrr6Kp9EpF1f5/+uCWwMNA==
 - gS8m7U2yvxQcIS0J550HFQ==
 - eukyo4sVE3QmH02h/RtJmQ==
 - cbTywOAYmIXCCblJsnojuQ==
 - kuuzjoA7e1LahbkQBb+P9Q==
 - hYtmqoeLfN51tt+BADJulA==
 - 45soH7aOMLkbsbD7tTdrww==
 - 0L2SuW/a4Psvi818cAThAQ==
 - j0OHHfVfuTTI1KZS4PjXDg==
 - uxl19Ymy2xAEFs6sjAv2ZQ==
 - yvLQSJvl0Fszd6NUUM5heg==
 - bKCb5LdFq/T4opBRfd7lHw==
 - B+SCFTmZ9NvH1uK10ytJEw==
Rings : 0

[j0OHHfVfuTTI1KZS4PjXDg==]
Cyclon : 20
 - cbTywOAYmIXCCblJsnojuQ==
 - Qrr6Kp9EpF1f5/+uCWwMNA==
 - CQqIsGvld58wgF1xeAWxPg==
 - INa63E4fM0euCbkeDSR6mA==
 - yvLQSJvl0Fszd6NUUM5heg==
 - dd20aaPwm85AYq2RQAIFmw==
 - hLYhlmskxy2FZthweVZbYA==
 - 0L2SuW/a4Psvi818cAThAQ==
 - A4Uz/1oQrwo71L+/5hZ5fw==
 - gS8m7U2yvxQcIS0J550HFQ==
 - kuuzjoA7e1LahbkQBb+P9Q==
 - hYtmqoeLfN51tt+BADJulA==
 - fzh0W3PSqk5Y2xTEIaFvjw==
 - uxl19Ymy2xAEFs6sjAv2ZQ==
 - bKCb5LdFq/T4opBRfd7lHw==
 - B+SCFTmZ9NvH1uK10ytJEw==
 - pit3oU0vcg8tl19tC468Tg==
 - ItBya+VdIthvhnCk4ADyNQ==
 - nhuQPyDgFoMlMk4/1zcSKA==
 - CW+xYtlyOtVIaOXkCa+41Q==
Vicinity : 20
 - cbTywOAYmIXCCblJsnojuQ==
 - Qrr6Kp9EpF1f5/+uCWwMNA==
 - CQqIsGvld58wgF1xeAWxPg==
 - INa63E4fM0euCbkeDSR6mA==
 - yvLQSJvl0Fszd6NUUM5heg==
 - dd20aaPwm85AYq2RQAIFmw==
 - hLYhlmskxy2FZthweVZbYA==
 - 0L2SuW/a4Psvi818cAThAQ==
 - A4Uz/1oQrwo71L+/5hZ5fw==
 - gS8m7U2yvxQcIS0J550HFQ==
 - kuuzjoA7e1LahbkQBb+P9Q==
 - hYtmqoeLfN51tt+BADJulA==
 - fzh0W3PSqk5Y2xTEIaFvjw==
 - uxl19Ymy2xAEFs6sjAv2ZQ==
 - bKCb5LdFq/T4opBRfd7lHw==
 - B+SCFTmZ9NvH1uK10ytJEw==
 - pit3oU0vcg8tl19tC468Tg==
 - ItBya+VdIthvhnCk4ADyNQ==
 - nhuQPyDgFoMlMk4/1zcSKA==
 - CW+xYtlyOtVIaOXkCa+41Q==
Rings : 0

[dd20aaPwm85AYq2RQAIFmw==]
Cyclon : 20
 - ItBya+VdIthvhnCk4ADyNQ==
 - uxl19Ymy2xAEFs6sjAv2ZQ==
 - CW+xYtlyOtVIaOXkCa+41Q==
 - yvLQSJvl0Fszd6NUUM5heg==
 - A4Uz/1oQrwo71L+/5hZ5fw==
 - hLYhlmskxy2FZthweVZbYA==
 - 3IFtNgSC/1z1OTWEjdWFoA==
 - Qrr6Kp9EpF1f5/+uCWwMNA==
 - nhuQPyDgFoMlMk4/1zcSKA==
 - 45soH7aOMLkbsbD7tTdrww==
 - gS8m7U2yvxQcIS0J550HFQ==
 - hYtmqoeLfN51tt+BADJulA==
 - INa63E4fM0euCbkeDSR6mA==
 - cbTywOAYmIXCCblJsnojuQ==
 - K7zR6WcN28Aa2jLlrV9ArQ==
 - j0OHHfVfuTTI1KZS4PjXDg==
 - fzh0W3PSqk5Y2xTEIaFvjw==
 - kuuzjoA7e1LahbkQBb+P9Q==
 - eukyo4sVE3QmH02h/RtJmQ==
 - pit3oU0vcg8tl19tC468Tg==
Vicinity : 20
 - ItBya+VdIthvhnCk4ADyNQ==
 - uxl19Ymy2xAEFs6sjAv2ZQ==
 - CW+xYtlyOtVIaOXkCa+41Q==
 - yvLQSJvl0Fszd6NUUM5heg==
 - A4Uz/1oQrwo71L+/5hZ5fw==
 - hLYhlmskxy2FZthweVZbYA==
 - 3IFtNgSC/1z1OTWEjdWFoA==
 - Qrr6Kp9EpF1f5/+uCWwMNA==
 - nhuQPyDgFoMlMk4/1zcSKA==
 - 45soH7aOMLkbsbD7tTdrww==
 - gS8m7U2yvxQcIS0J550HFQ==
 - hYtmqoeLfN51tt+BADJulA==
 - INa63E4fM0euCbkeDSR6mA==
 - cbTywOAYmIXCCblJsnojuQ==
 - K7zR6WcN28Aa2jLlrV9ArQ==
 - j0OHHfVfuTTI1KZS4PjXDg==
 - fzh0W3PSqk5Y2xTEIaFvjw==
 - kuuzjoA7e1LahbkQBb+P9Q==
 - eukyo4sVE3QmH02h/RtJmQ==
 - pit3oU0vcg8tl19tC468Tg==
Rings : 0

