INa63E4fM0euCbkeDSR6mA== sent:99 recv:99
pit3oU0vcg8tl19tC468Tg== sent:78 recv:77
CQqIsGvld58wgF1xeAWxPg== sent:88 recv:87
yvLQSJvl0Fszd6NUUM5heg== sent:95 recv:94
CW+xYtlyOtVIaOXkCa+41Q== sent:101 recv:100
A4Uz/1oQrwo71L+/5hZ5fw== sent:100 recv:99
3IFtNgSC/1z1OTWEjdWFoA== sent:97 recv:97
nhuQPyDgFoMlMk4/1zcSKA== sent:107 recv:106
gS8m7U2yvxQcIS0J550HFQ== sent:101 recv:101
bKCb5LdFq/T4opBRfd7lHw== sent:108 recv:107
uxl19Ymy2xAEFs6sjAv2ZQ== sent:98 recv:98
Qrr6Kp9EpF1f5/+uCWwMNA== sent:104 recv:103
kuuzjoA7e1LahbkQBb+P9Q== sent:102 recv:102
eukyo4sVE3QmH02h/RtJmQ== sent:91 recv:91
0L2SuW/a4Psvi818cAThAQ== sent:95 recv:94
cbTywOAYmIXCCblJsnojuQ== sent:114 recv:114
hYtmqoeLfN51tt+BADJulA== sent:101 recv:100
B+SCFTmZ9NvH1uK10ytJEw== sent:115 recv:114
hLYhlmskxy2FZthweVZbYA== sent:110 recv:110
ItBya+VdIthvhnCk4ADyNQ== sent:87 recv:86
45soH7aOMLkbsbD7tTdrww== sent:102 recv:101
K7zR6WcN28Aa2jLlrV9ArQ== sent:101 recv:101
fzh0W3PSqk5Y2xTEIaFvjw== sent:108 recv:107
j0OHHfVfuTTI1KZS4PjXDg== sent:98 recv:97
dd20aaPwm85AYq2RQAIFmw== sent:95 recv:95
